{"C:\\Users\\devir\\github-classroom\\h8-fsjs-gitclass-p2-23\\fsjs-p2-v1-c1-server-deviradwita\\app.js": {"path":"C:\\Users\\devir\\github-classroom\\h8-fsjs-gitclass-p2-23\\fsjs-p2-v1-c1-server-deviradwita\\app.js","statementMap":{"0":{"start":{"line":2,"column":0},"end":{"line":4,"column":3}},"1":{"start":{"line":3,"column":2},"end":{"line":3,"column":29}},"2":{"start":{"line":5,"column":16},"end":{"line":5,"column":34}},"3":{"start":{"line":6,"column":12},"end":{"line":6,"column":21}},"4":{"start":{"line":7,"column":13},"end":{"line":7,"column":28}},"5":{"start":{"line":11,"column":19},"end":{"line":11,"column":54}},"6":{"start":{"line":12,"column":21},"end":{"line":12,"column":57}},"7":{"start":{"line":13,"column":33},"end":{"line":13,"column":52}},"8":{"start":{"line":14,"column":15},"end":{"line":14,"column":34}},"9":{"start":{"line":16,"column":0},"end":{"line":16,"column":15}},"10":{"start":{"line":17,"column":0},"end":{"line":17,"column":24}},"11":{"start":{"line":18,"column":0},"end":{"line":18,"column":49}},"12":{"start":{"line":19,"column":0},"end":{"line":19,"column":16}},"13":{"start":{"line":20,"column":0},"end":{"line":20,"column":21}},"14":{"start":{"line":23,"column":0},"end":{"line":23,"column":20}}},"fnMap":{},"branchMap":{"0":{"loc":{"start":{"line":2,"column":0},"end":{"line":4,"column":3}},"type":"if","locations":[{"start":{"line":2,"column":0},"end":{"line":4,"column":3}},{"start":{},"end":{}}],"line":2}},"s":{"0":1,"1":1,"2":1,"3":1,"4":1,"5":1,"6":1,"7":1,"8":1,"9":1,"10":1,"11":1,"12":1,"13":1,"14":1},"f":{},"b":{"0":[1,0]},"_coverageSchema":"1a1c01bbd47fc00a2c39e90264f33305004495a9","hash":"938fb31aebf1356d695f1538228bed1798485db6"}
,"C:\\Users\\devir\\github-classroom\\h8-fsjs-gitclass-p2-23\\fsjs-p2-v1-c1-server-deviradwita\\controllers\\controller.js": {"path":"C:\\Users\\devir\\github-classroom\\h8-fsjs-gitclass-p2-23\\fsjs-p2-v1-c1-server-deviradwita\\controllers\\controller.js","statementMap":{"0":{"start":{"line":1,"column":26},"end":{"line":1,"column":54}},"1":{"start":{"line":2,"column":23},"end":{"line":2,"column":48}},"2":{"start":{"line":3,"column":23},"end":{"line":3,"column":53}},"3":{"start":{"line":4,"column":19},"end":{"line":4,"column":40}},"4":{"start":{"line":6,"column":40},"end":{"line":6,"column":60}},"5":{"start":{"line":11,"column":8},"end":{"line":49,"column":9}},"6":{"start":{"line":13,"column":28},"end":{"line":15,"column":14}},"7":{"start":{"line":18,"column":24},"end":{"line":23,"column":14}},"8":{"start":{"line":26,"column":30},"end":{"line":26,"column":69}},"9":{"start":{"line":27,"column":28},"end":{"line":31,"column":14}},"10":{"start":{"line":33,"column":12},"end":{"line":33,"column":42}},"11":{"start":{"line":38,"column":12},"end":{"line":38,"column":21}},"12":{"start":{"line":53,"column":8},"end":{"line":89,"column":9}},"13":{"start":{"line":54,"column":29},"end":{"line":62,"column":14}},"14":{"start":{"line":64,"column":12},"end":{"line":66,"column":13}},"15":{"start":{"line":65,"column":16},"end":{"line":65,"column":41}},"16":{"start":{"line":67,"column":24},"end":{"line":72,"column":14}},"17":{"start":{"line":76,"column":30},"end":{"line":76,"column":68}},"18":{"start":{"line":77,"column":28},"end":{"line":81,"column":14}},"19":{"start":{"line":82,"column":12},"end":{"line":82,"column":72}},"20":{"start":{"line":87,"column":12},"end":{"line":87,"column":21}},"21":{"start":{"line":94,"column":8},"end":{"line":140,"column":9}},"22":{"start":{"line":96,"column":28},"end":{"line":96,"column":39}},"23":{"start":{"line":97,"column":24},"end":{"line":104,"column":14}},"24":{"start":{"line":106,"column":24},"end":{"line":111,"column":14}},"25":{"start":{"line":115,"column":30},"end":{"line":115,"column":84}},"26":{"start":{"line":116,"column":28},"end":{"line":120,"column":14}},"27":{"start":{"line":124,"column":12},"end":{"line":124,"column":38}},"28":{"start":{"line":129,"column":12},"end":{"line":129,"column":21}},"29":{"start":{"line":146,"column":8},"end":{"line":163,"column":9}},"30":{"start":{"line":148,"column":24},"end":{"line":154,"column":14}},"31":{"start":{"line":155,"column":12},"end":{"line":155,"column":38}},"32":{"start":{"line":159,"column":12},"end":{"line":159,"column":21}},"33":{"start":{"line":169,"column":8},"end":{"line":184,"column":9}},"34":{"start":{"line":170,"column":24},"end":{"line":170,"column":58}},"35":{"start":{"line":171,"column":12},"end":{"line":173,"column":13}},"36":{"start":{"line":172,"column":16},"end":{"line":172,"column":41}},"37":{"start":{"line":174,"column":12},"end":{"line":174,"column":38}},"38":{"start":{"line":180,"column":12},"end":{"line":180,"column":21}},"39":{"start":{"line":188,"column":8},"end":{"line":228,"column":9}},"40":{"start":{"line":189,"column":25},"end":{"line":201,"column":14}},"41":{"start":{"line":203,"column":12},"end":{"line":205,"column":13}},"42":{"start":{"line":204,"column":16},"end":{"line":204,"column":41}},"43":{"start":{"line":206,"column":24},"end":{"line":211,"column":14}},"44":{"start":{"line":215,"column":30},"end":{"line":215,"column":60}},"45":{"start":{"line":216,"column":28},"end":{"line":220,"column":14}},"46":{"start":{"line":221,"column":12},"end":{"line":221,"column":68}},"47":{"start":{"line":226,"column":12},"end":{"line":226,"column":21}},"48":{"start":{"line":232,"column":8},"end":{"line":270,"column":9}},"49":{"start":{"line":234,"column":30},"end":{"line":234,"column":64}},"50":{"start":{"line":236,"column":36},"end":{"line":236,"column":53}},"51":{"start":{"line":237,"column":25},"end":{"line":244,"column":14}},"52":{"start":{"line":246,"column":12},"end":{"line":248,"column":13}},"53":{"start":{"line":247,"column":16},"end":{"line":247,"column":41}},"54":{"start":{"line":250,"column":24},"end":{"line":255,"column":14}},"55":{"start":{"line":259,"column":30},"end":{"line":259,"column":124}},"56":{"start":{"line":260,"column":28},"end":{"line":264,"column":14}},"57":{"start":{"line":266,"column":12},"end":{"line":266,"column":70}},"58":{"start":{"line":269,"column":12},"end":{"line":269,"column":21}},"59":{"start":{"line":274,"column":8},"end":{"line":286,"column":9}},"60":{"start":{"line":276,"column":27},"end":{"line":280,"column":14}},"61":{"start":{"line":281,"column":12},"end":{"line":281,"column":41}},"62":{"start":{"line":285,"column":12},"end":{"line":285,"column":21}},"63":{"start":{"line":290,"column":8},"end":{"line":306,"column":9}},"64":{"start":{"line":291,"column":24},"end":{"line":291,"column":58}},"65":{"start":{"line":293,"column":12},"end":{"line":295,"column":14}},"66":{"start":{"line":297,"column":12},"end":{"line":299,"column":14}},"67":{"start":{"line":304,"column":12},"end":{"line":304,"column":21}},"68":{"start":{"line":311,"column":8},"end":{"line":332,"column":9}},"69":{"start":{"line":313,"column":28},"end":{"line":313,"column":66}},"70":{"start":{"line":314,"column":12},"end":{"line":316,"column":13}},"71":{"start":{"line":315,"column":16},"end":{"line":315,"column":41}},"72":{"start":{"line":317,"column":12},"end":{"line":319,"column":14}},"73":{"start":{"line":322,"column":12},"end":{"line":324,"column":14}},"74":{"start":{"line":330,"column":12},"end":{"line":330,"column":21}},"75":{"start":{"line":336,"column":8},"end":{"line":350,"column":9}},"76":{"start":{"line":337,"column":24},"end":{"line":337,"column":48}},"77":{"start":{"line":338,"column":12},"end":{"line":340,"column":13}},"78":{"start":{"line":339,"column":16},"end":{"line":339,"column":41}},"79":{"start":{"line":341,"column":12},"end":{"line":341,"column":38}},"80":{"start":{"line":346,"column":12},"end":{"line":346,"column":21}},"81":{"start":{"line":354,"column":8},"end":{"line":366,"column":9}},"82":{"start":{"line":355,"column":28},"end":{"line":355,"column":66}},"83":{"start":{"line":356,"column":12},"end":{"line":358,"column":13}},"84":{"start":{"line":357,"column":16},"end":{"line":357,"column":41}},"85":{"start":{"line":359,"column":12},"end":{"line":359,"column":42}},"86":{"start":{"line":364,"column":12},"end":{"line":364,"column":21}},"87":{"start":{"line":370,"column":8},"end":{"line":380,"column":9}},"88":{"start":{"line":371,"column":69},"end":{"line":371,"column":77}},"89":{"start":{"line":372,"column":32},"end":{"line":374,"column":14}},"90":{"start":{"line":375,"column":12},"end":{"line":375,"column":76}},"91":{"start":{"line":378,"column":12},"end":{"line":378,"column":21}},"92":{"start":{"line":384,"column":8},"end":{"line":412,"column":9}},"93":{"start":{"line":385,"column":38},"end":{"line":385,"column":46}},"94":{"start":{"line":386,"column":12},"end":{"line":386,"column":55}},"95":{"start":{"line":387,"column":12},"end":{"line":389,"column":13}},"96":{"start":{"line":388,"column":16},"end":{"line":388,"column":59}},"97":{"start":{"line":390,"column":25},"end":{"line":390,"column":61}},"98":{"start":{"line":392,"column":12},"end":{"line":394,"column":13}},"99":{"start":{"line":393,"column":16},"end":{"line":393,"column":51}},"100":{"start":{"line":396,"column":36},"end":{"line":396,"column":68}},"101":{"start":{"line":397,"column":12},"end":{"line":399,"column":13}},"102":{"start":{"line":398,"column":16},"end":{"line":398,"column":51}},"103":{"start":{"line":401,"column":28},"end":{"line":403,"column":13}},"104":{"start":{"line":405,"column":32},"end":{"line":405,"column":52}},"105":{"start":{"line":407,"column":12},"end":{"line":407,"column":86}},"106":{"start":{"line":410,"column":12},"end":{"line":410,"column":21}},"107":{"start":{"line":417,"column":8},"end":{"line":428,"column":9}},"108":{"start":{"line":418,"column":25},"end":{"line":422,"column":14}},"109":{"start":{"line":425,"column":12},"end":{"line":425,"column":38}},"110":{"start":{"line":427,"column":12},"end":{"line":427,"column":21}},"111":{"start":{"line":434,"column":8},"end":{"line":467,"column":9}},"112":{"start":{"line":435,"column":27},"end":{"line":435,"column":54}},"113":{"start":{"line":436,"column":27},"end":{"line":439,"column":14}},"114":{"start":{"line":441,"column":28},"end":{"line":441,"column":47}},"115":{"start":{"line":444,"column":36},"end":{"line":453,"column":14}},"116":{"start":{"line":455,"column":32},"end":{"line":459,"column":14}},"117":{"start":{"line":460,"column":12},"end":{"line":460,"column":98}},"118":{"start":{"line":465,"column":12},"end":{"line":465,"column":22}},"119":{"start":{"line":475,"column":0},"end":{"line":475,"column":27}}},"fnMap":{"0":{"name":"(anonymous_0)","decl":{"start":{"line":10,"column":4},"end":{"line":10,"column":5}},"loc":{"start":{"line":10,"column":47},"end":{"line":50,"column":5}},"line":10},"1":{"name":"(anonymous_1)","decl":{"start":{"line":52,"column":4},"end":{"line":52,"column":5}},"loc":{"start":{"line":52,"column":50},"end":{"line":90,"column":5}},"line":52},"2":{"name":"(anonymous_2)","decl":{"start":{"line":93,"column":4},"end":{"line":93,"column":5}},"loc":{"start":{"line":93,"column":43},"end":{"line":141,"column":5}},"line":93},"3":{"name":"(anonymous_3)","decl":{"start":{"line":144,"column":4},"end":{"line":144,"column":5}},"loc":{"start":{"line":144,"column":45},"end":{"line":164,"column":5}},"line":144},"4":{"name":"(anonymous_4)","decl":{"start":{"line":168,"column":4},"end":{"line":168,"column":5}},"loc":{"start":{"line":168,"column":45},"end":{"line":185,"column":5}},"line":168},"5":{"name":"(anonymous_5)","decl":{"start":{"line":187,"column":4},"end":{"line":187,"column":5}},"loc":{"start":{"line":187,"column":46},"end":{"line":229,"column":5}},"line":187},"6":{"name":"(anonymous_6)","decl":{"start":{"line":231,"column":4},"end":{"line":231,"column":5}},"loc":{"start":{"line":231,"column":52},"end":{"line":271,"column":5}},"line":231},"7":{"name":"(anonymous_7)","decl":{"start":{"line":273,"column":4},"end":{"line":273,"column":5}},"loc":{"start":{"line":273,"column":47},"end":{"line":287,"column":5}},"line":273},"8":{"name":"(anonymous_8)","decl":{"start":{"line":289,"column":4},"end":{"line":289,"column":5}},"loc":{"start":{"line":289,"column":43},"end":{"line":307,"column":5}},"line":289},"9":{"name":"(anonymous_9)","decl":{"start":{"line":310,"column":4},"end":{"line":310,"column":5}},"loc":{"start":{"line":310,"column":47},"end":{"line":333,"column":5}},"line":310},"10":{"name":"(anonymous_10)","decl":{"start":{"line":335,"column":4},"end":{"line":335,"column":5}},"loc":{"start":{"line":335,"column":47},"end":{"line":351,"column":5}},"line":335},"11":{"name":"(anonymous_11)","decl":{"start":{"line":353,"column":4},"end":{"line":353,"column":5}},"loc":{"start":{"line":353,"column":50},"end":{"line":367,"column":5}},"line":353},"12":{"name":"(anonymous_12)","decl":{"start":{"line":369,"column":4},"end":{"line":369,"column":5}},"loc":{"start":{"line":369,"column":48},"end":{"line":381,"column":5}},"line":369},"13":{"name":"(anonymous_13)","decl":{"start":{"line":383,"column":4},"end":{"line":383,"column":5}},"loc":{"start":{"line":383,"column":38},"end":{"line":413,"column":5}},"line":383},"14":{"name":"(anonymous_14)","decl":{"start":{"line":415,"column":4},"end":{"line":415,"column":5}},"loc":{"start":{"line":415,"column":43},"end":{"line":430,"column":5}},"line":415},"15":{"name":"(anonymous_15)","decl":{"start":{"line":432,"column":4},"end":{"line":432,"column":5}},"loc":{"start":{"line":432,"column":44},"end":{"line":471,"column":5}},"line":432}},"branchMap":{"0":{"loc":{"start":{"line":64,"column":12},"end":{"line":66,"column":13}},"type":"if","locations":[{"start":{"line":64,"column":12},"end":{"line":66,"column":13}},{"start":{},"end":{}}],"line":64},"1":{"loc":{"start":{"line":171,"column":12},"end":{"line":173,"column":13}},"type":"if","locations":[{"start":{"line":171,"column":12},"end":{"line":173,"column":13}},{"start":{},"end":{}}],"line":171},"2":{"loc":{"start":{"line":203,"column":12},"end":{"line":205,"column":13}},"type":"if","locations":[{"start":{"line":203,"column":12},"end":{"line":205,"column":13}},{"start":{},"end":{}}],"line":203},"3":{"loc":{"start":{"line":246,"column":12},"end":{"line":248,"column":13}},"type":"if","locations":[{"start":{"line":246,"column":12},"end":{"line":248,"column":13}},{"start":{},"end":{}}],"line":246},"4":{"loc":{"start":{"line":314,"column":12},"end":{"line":316,"column":13}},"type":"if","locations":[{"start":{"line":314,"column":12},"end":{"line":316,"column":13}},{"start":{},"end":{}}],"line":314},"5":{"loc":{"start":{"line":338,"column":12},"end":{"line":340,"column":13}},"type":"if","locations":[{"start":{"line":338,"column":12},"end":{"line":340,"column":13}},{"start":{},"end":{}}],"line":338},"6":{"loc":{"start":{"line":356,"column":12},"end":{"line":358,"column":13}},"type":"if","locations":[{"start":{"line":356,"column":12},"end":{"line":358,"column":13}},{"start":{},"end":{}}],"line":356},"7":{"loc":{"start":{"line":387,"column":12},"end":{"line":389,"column":13}},"type":"if","locations":[{"start":{"line":387,"column":12},"end":{"line":389,"column":13}},{"start":{},"end":{}}],"line":387},"8":{"loc":{"start":{"line":387,"column":15},"end":{"line":387,"column":34}},"type":"binary-expr","locations":[{"start":{"line":387,"column":15},"end":{"line":387,"column":21}},{"start":{"line":387,"column":25},"end":{"line":387,"column":34}}],"line":387},"9":{"loc":{"start":{"line":392,"column":12},"end":{"line":394,"column":13}},"type":"if","locations":[{"start":{"line":392,"column":12},"end":{"line":394,"column":13}},{"start":{},"end":{}}],"line":392},"10":{"loc":{"start":{"line":397,"column":12},"end":{"line":399,"column":13}},"type":"if","locations":[{"start":{"line":397,"column":12},"end":{"line":399,"column":13}},{"start":{},"end":{}}],"line":397}},"s":{"0":1,"1":1,"2":1,"3":1,"4":1,"5":0,"6":0,"7":0,"8":0,"9":0,"10":0,"11":0,"12":0,"13":0,"14":0,"15":0,"16":0,"17":0,"18":0,"19":0,"20":0,"21":0,"22":0,"23":0,"24":0,"25":0,"26":0,"27":0,"28":0,"29":0,"30":0,"31":0,"32":0,"33":0,"34":0,"35":0,"36":0,"37":0,"38":0,"39":0,"40":0,"41":0,"42":0,"43":0,"44":0,"45":0,"46":0,"47":0,"48":0,"49":0,"50":0,"51":0,"52":0,"53":0,"54":0,"55":0,"56":0,"57":0,"58":0,"59":0,"60":0,"61":0,"62":0,"63":0,"64":0,"65":0,"66":0,"67":0,"68":0,"69":0,"70":0,"71":0,"72":0,"73":0,"74":0,"75":0,"76":0,"77":0,"78":0,"79":0,"80":0,"81":0,"82":0,"83":0,"84":0,"85":0,"86":0,"87":0,"88":0,"89":0,"90":0,"91":0,"92":0,"93":0,"94":0,"95":0,"96":0,"97":0,"98":0,"99":0,"100":0,"101":0,"102":0,"103":0,"104":0,"105":0,"106":0,"107":0,"108":0,"109":0,"110":0,"111":0,"112":0,"113":0,"114":0,"115":0,"116":0,"117":0,"118":0,"119":1},"f":{"0":0,"1":0,"2":0,"3":0,"4":0,"5":0,"6":0,"7":0,"8":0,"9":0,"10":0,"11":0,"12":0,"13":0,"14":0,"15":0},"b":{"0":[0,0],"1":[0,0],"2":[0,0],"3":[0,0],"4":[0,0],"5":[0,0],"6":[0,0],"7":[0,0],"8":[0,0],"9":[0,0],"10":[0,0]},"_coverageSchema":"1a1c01bbd47fc00a2c39e90264f33305004495a9","hash":"aa4711b929c5158187b8d795dafd8269e494adba"}
,"C:\\Users\\devir\\github-classroom\\h8-fsjs-gitclass-p2-23\\fsjs-p2-v1-c1-server-deviradwita\\controllers\\userController.js": {"path":"C:\\Users\\devir\\github-classroom\\h8-fsjs-gitclass-p2-23\\fsjs-p2-v1-c1-server-deviradwita\\controllers\\userController.js","statementMap":{"0":{"start":{"line":1,"column":26},"end":{"line":1,"column":54}},"1":{"start":{"line":2,"column":24},"end":{"line":2,"column":49}},"2":{"start":{"line":3,"column":15},"end":{"line":3,"column":35}},"3":{"start":{"line":4,"column":51},"end":{"line":4,"column":71}},"4":{"start":{"line":5,"column":23},"end":{"line":5,"column":53}},"5":{"start":{"line":6,"column":19},"end":{"line":6,"column":40}},"6":{"start":{"line":7,"column":22},"end":{"line":7,"column":46}},"7":{"start":{"line":8,"column":14},"end":{"line":8,"column":30}},"8":{"start":{"line":13,"column":4},"end":{"line":31,"column":5}},"9":{"start":{"line":15,"column":66},"end":{"line":15,"column":74}},"10":{"start":{"line":16,"column":30},"end":{"line":26,"column":7}},"11":{"start":{"line":28,"column":6},"end":{"line":28,"column":75}},"12":{"start":{"line":30,"column":6},"end":{"line":30,"column":16}},"13":{"start":{"line":35,"column":4},"end":{"line":64,"column":5}},"14":{"start":{"line":36,"column":34},"end":{"line":36,"column":42}},"15":{"start":{"line":38,"column":6},"end":{"line":40,"column":7}},"16":{"start":{"line":39,"column":8},"end":{"line":39,"column":53}},"17":{"start":{"line":41,"column":19},"end":{"line":41,"column":59}},"18":{"start":{"line":43,"column":6},"end":{"line":45,"column":7}},"19":{"start":{"line":44,"column":8},"end":{"line":44,"column":45}},"20":{"start":{"line":47,"column":31},"end":{"line":47,"column":63}},"21":{"start":{"line":50,"column":6},"end":{"line":52,"column":7}},"22":{"start":{"line":51,"column":8},"end":{"line":51,"column":45}},"23":{"start":{"line":54,"column":22},"end":{"line":56,"column":7}},"24":{"start":{"line":58,"column":27},"end":{"line":58,"column":47}},"25":{"start":{"line":60,"column":6},"end":{"line":60,"column":45}},"26":{"start":{"line":63,"column":6},"end":{"line":63,"column":16}},"27":{"start":{"line":68,"column":4},"end":{"line":157,"column":5}},"28":{"start":{"line":69,"column":6},"end":{"line":69,"column":29}},"29":{"start":{"line":70,"column":28},"end":{"line":76,"column":7}},"30":{"start":{"line":71,"column":55},"end":{"line":71,"column":59}},"31":{"start":{"line":72,"column":28},"end":{"line":72,"column":44}},"32":{"start":{"line":73,"column":27},"end":{"line":73,"column":56}},"33":{"start":{"line":75,"column":8},"end":{"line":75,"column":67}},"34":{"start":{"line":78,"column":21},"end":{"line":78,"column":37}},"35":{"start":{"line":79,"column":19},"end":{"line":79,"column":33}},"36":{"start":{"line":80,"column":19},"end":{"line":80,"column":33}},"37":{"start":{"line":81,"column":21},"end":{"line":81,"column":37}},"38":{"start":{"line":83,"column":17},"end":{"line":83,"column":18}},"39":{"start":{"line":84,"column":18},"end":{"line":84,"column":19}},"40":{"start":{"line":86,"column":19},"end":{"line":94,"column":7}},"41":{"start":{"line":98,"column":6},"end":{"line":106,"column":7}},"42":{"start":{"line":100,"column":8},"end":{"line":105,"column":10}},"43":{"start":{"line":107,"column":6},"end":{"line":114,"column":7}},"44":{"start":{"line":109,"column":8},"end":{"line":112,"column":9}},"45":{"start":{"line":122,"column":6},"end":{"line":126,"column":7}},"46":{"start":{"line":123,"column":10},"end":{"line":123,"column":40}},"47":{"start":{"line":124,"column":10},"end":{"line":124,"column":50}},"48":{"start":{"line":125,"column":10},"end":{"line":125,"column":33}},"49":{"start":{"line":127,"column":6},"end":{"line":137,"column":7}},"50":{"start":{"line":128,"column":10},"end":{"line":128,"column":23}},"51":{"start":{"line":129,"column":10},"end":{"line":129,"column":31}},"52":{"start":{"line":135,"column":8},"end":{"line":135,"column":29}},"53":{"start":{"line":136,"column":8},"end":{"line":136,"column":31}},"54":{"start":{"line":142,"column":7},"end":{"line":142,"column":49}},"55":{"start":{"line":144,"column":19},"end":{"line":144,"column":53}},"56":{"start":{"line":145,"column":23},"end":{"line":145,"column":55}},"57":{"start":{"line":147,"column":6},"end":{"line":149,"column":7}},"58":{"start":{"line":148,"column":8},"end":{"line":148,"column":33}},"59":{"start":{"line":153,"column":6},"end":{"line":153,"column":37}},"60":{"start":{"line":155,"column":6},"end":{"line":155,"column":35}},"61":{"start":{"line":156,"column":6},"end":{"line":156,"column":18}},"62":{"start":{"line":161,"column":4},"end":{"line":172,"column":5}},"63":{"start":{"line":162,"column":19},"end":{"line":162,"column":53}},"64":{"start":{"line":164,"column":6},"end":{"line":166,"column":6}},"65":{"start":{"line":165,"column":8},"end":{"line":165,"column":33}},"66":{"start":{"line":168,"column":5},"end":{"line":168,"column":32}},"67":{"start":{"line":171,"column":6},"end":{"line":171,"column":17}},"68":{"start":{"line":179,"column":4},"end":{"line":211,"column":5}},"69":{"start":{"line":180,"column":23},"end":{"line":180,"column":50}},"70":{"start":{"line":181,"column":23},"end":{"line":184,"column":10}},"71":{"start":{"line":186,"column":24},"end":{"line":186,"column":43}},"72":{"start":{"line":189,"column":32},"end":{"line":198,"column":10}},"73":{"start":{"line":200,"column":28},"end":{"line":204,"column":10}},"74":{"start":{"line":205,"column":8},"end":{"line":205,"column":94}},"75":{"start":{"line":210,"column":8},"end":{"line":210,"column":20}},"76":{"start":{"line":215,"column":2},"end":{"line":244,"column":3}},"77":{"start":{"line":216,"column":17},"end":{"line":216,"column":28}},"78":{"start":{"line":217,"column":17},"end":{"line":217,"column":34}},"79":{"start":{"line":218,"column":17},"end":{"line":218,"column":44}},"80":{"start":{"line":219,"column":4},"end":{"line":221,"column":5}},"81":{"start":{"line":220,"column":6},"end":{"line":220,"column":31}},"82":{"start":{"line":222,"column":26},"end":{"line":229,"column":6}},"83":{"start":{"line":230,"column":4},"end":{"line":230,"column":41}},"84":{"start":{"line":231,"column":4},"end":{"line":233,"column":5}},"85":{"start":{"line":232,"column":6},"end":{"line":232,"column":34}},"86":{"start":{"line":235,"column":20},"end":{"line":237,"column":6}},"87":{"start":{"line":239,"column":4},"end":{"line":239,"column":34}},"88":{"start":{"line":243,"column":4},"end":{"line":243,"column":15}},"89":{"start":{"line":248,"column":2},"end":{"line":261,"column":3}},"90":{"start":{"line":249,"column":17},"end":{"line":249,"column":28}},"91":{"start":{"line":250,"column":20},"end":{"line":255,"column":6}},"92":{"start":{"line":256,"column":4},"end":{"line":256,"column":34}},"93":{"start":{"line":260,"column":4},"end":{"line":260,"column":15}},"94":{"start":{"line":265,"column":2},"end":{"line":279,"column":3}},"95":{"start":{"line":266,"column":22},"end":{"line":266,"column":46}},"96":{"start":{"line":267,"column":6},"end":{"line":269,"column":7}},"97":{"start":{"line":268,"column":10},"end":{"line":268,"column":35}},"98":{"start":{"line":270,"column":6},"end":{"line":270,"column":36}},"99":{"start":{"line":275,"column":6},"end":{"line":275,"column":15}},"100":{"start":{"line":283,"column":2},"end":{"line":303,"column":3}},"101":{"start":{"line":284,"column":21},"end":{"line":294,"column":6}},"102":{"start":{"line":298,"column":4},"end":{"line":298,"column":18}},"103":{"start":{"line":301,"column":4},"end":{"line":301,"column":15}},"104":{"start":{"line":310,"column":0},"end":{"line":310,"column":34}}},"fnMap":{"0":{"name":"(anonymous_0)","decl":{"start":{"line":12,"column":2},"end":{"line":12,"column":3}},"loc":{"start":{"line":12,"column":51},"end":{"line":32,"column":3}},"line":12},"1":{"name":"(anonymous_1)","decl":{"start":{"line":34,"column":2},"end":{"line":34,"column":3}},"loc":{"start":{"line":34,"column":45},"end":{"line":65,"column":3}},"line":34},"2":{"name":"(anonymous_2)","decl":{"start":{"line":67,"column":2},"end":{"line":67,"column":3}},"loc":{"start":{"line":67,"column":42},"end":{"line":158,"column":3}},"line":67},"3":{"name":"(anonymous_3)","decl":{"start":{"line":70,"column":28},"end":{"line":70,"column":29}},"loc":{"start":{"line":70,"column":51},"end":{"line":76,"column":7}},"line":70},"4":{"name":"(anonymous_4)","decl":{"start":{"line":160,"column":2},"end":{"line":160,"column":3}},"loc":{"start":{"line":160,"column":45},"end":{"line":174,"column":3}},"line":160},"5":{"name":"(anonymous_5)","decl":{"start":{"line":177,"column":2},"end":{"line":177,"column":3}},"loc":{"start":{"line":177,"column":42},"end":{"line":212,"column":1}},"line":177},"6":{"name":"(anonymous_6)","decl":{"start":{"line":214,"column":0},"end":{"line":214,"column":1}},"loc":{"start":{"line":214,"column":40},"end":{"line":245,"column":1}},"line":214},"7":{"name":"(anonymous_7)","decl":{"start":{"line":247,"column":0},"end":{"line":247,"column":1}},"loc":{"start":{"line":247,"column":42},"end":{"line":262,"column":1}},"line":247},"8":{"name":"(anonymous_8)","decl":{"start":{"line":264,"column":0},"end":{"line":264,"column":1}},"loc":{"start":{"line":264,"column":44},"end":{"line":280,"column":1}},"line":264},"9":{"name":"(anonymous_9)","decl":{"start":{"line":282,"column":0},"end":{"line":282,"column":1}},"loc":{"start":{"line":282,"column":38},"end":{"line":304,"column":1}},"line":282}},"branchMap":{"0":{"loc":{"start":{"line":38,"column":6},"end":{"line":40,"column":7}},"type":"if","locations":[{"start":{"line":38,"column":6},"end":{"line":40,"column":7}},{"start":{},"end":{}}],"line":38},"1":{"loc":{"start":{"line":38,"column":10},"end":{"line":38,"column":29}},"type":"binary-expr","locations":[{"start":{"line":38,"column":10},"end":{"line":38,"column":16}},{"start":{"line":38,"column":20},"end":{"line":38,"column":29}}],"line":38},"2":{"loc":{"start":{"line":43,"column":6},"end":{"line":45,"column":7}},"type":"if","locations":[{"start":{"line":43,"column":6},"end":{"line":45,"column":7}},{"start":{},"end":{}}],"line":43},"3":{"loc":{"start":{"line":50,"column":6},"end":{"line":52,"column":7}},"type":"if","locations":[{"start":{"line":50,"column":6},"end":{"line":52,"column":7}},{"start":{},"end":{}}],"line":50},"4":{"loc":{"start":{"line":72,"column":28},"end":{"line":72,"column":44}},"type":"cond-expr","locations":[{"start":{"line":72,"column":35},"end":{"line":72,"column":40}},{"start":{"line":72,"column":43},"end":{"line":72,"column":44}}],"line":72},"5":{"loc":{"start":{"line":98,"column":6},"end":{"line":106,"column":7}},"type":"if","locations":[{"start":{"line":98,"column":6},"end":{"line":106,"column":7}},{"start":{},"end":{}}],"line":98},"6":{"loc":{"start":{"line":107,"column":6},"end":{"line":114,"column":7}},"type":"if","locations":[{"start":{"line":107,"column":6},"end":{"line":114,"column":7}},{"start":{},"end":{}}],"line":107},"7":{"loc":{"start":{"line":122,"column":6},"end":{"line":126,"column":7}},"type":"if","locations":[{"start":{"line":122,"column":6},"end":{"line":126,"column":7}},{"start":{},"end":{}}],"line":122},"8":{"loc":{"start":{"line":122,"column":10},"end":{"line":122,"column":52}},"type":"binary-expr","locations":[{"start":{"line":122,"column":10},"end":{"line":122,"column":21}},{"start":{"line":122,"column":25},"end":{"line":122,"column":52}}],"line":122},"9":{"loc":{"start":{"line":127,"column":6},"end":{"line":137,"column":7}},"type":"if","locations":[{"start":{"line":127,"column":6},"end":{"line":137,"column":7}},{"start":{"line":130,"column":13},"end":{"line":137,"column":7}}],"line":127},"10":{"loc":{"start":{"line":127,"column":9},"end":{"line":127,"column":51}},"type":"binary-expr","locations":[{"start":{"line":127,"column":9},"end":{"line":127,"column":20}},{"start":{"line":127,"column":24},"end":{"line":127,"column":51}}],"line":127},"11":{"loc":{"start":{"line":147,"column":6},"end":{"line":149,"column":7}},"type":"if","locations":[{"start":{"line":147,"column":6},"end":{"line":149,"column":7}},{"start":{},"end":{}}],"line":147},"12":{"loc":{"start":{"line":164,"column":6},"end":{"line":166,"column":6}},"type":"if","locations":[{"start":{"line":164,"column":6},"end":{"line":166,"column":6}},{"start":{},"end":{}}],"line":164},"13":{"loc":{"start":{"line":219,"column":4},"end":{"line":221,"column":5}},"type":"if","locations":[{"start":{"line":219,"column":4},"end":{"line":221,"column":5}},{"start":{},"end":{}}],"line":219},"14":{"loc":{"start":{"line":231,"column":4},"end":{"line":233,"column":5}},"type":"if","locations":[{"start":{"line":231,"column":4},"end":{"line":233,"column":5}},{"start":{},"end":{}}],"line":231},"15":{"loc":{"start":{"line":267,"column":6},"end":{"line":269,"column":7}},"type":"if","locations":[{"start":{"line":267,"column":6},"end":{"line":269,"column":7}},{"start":{},"end":{}}],"line":267}},"s":{"0":1,"1":1,"2":1,"3":1,"4":1,"5":1,"6":1,"7":1,"8":7,"9":7,"10":7,"11":1,"12":6,"13":3,"14":3,"15":3,"16":0,"17":3,"18":3,"19":1,"20":2,"21":2,"22":1,"23":1,"24":1,"25":1,"26":2,"27":4,"28":4,"29":4,"30":4,"31":4,"32":4,"33":4,"34":4,"35":4,"36":4,"37":4,"38":4,"39":4,"40":4,"41":4,"42":1,"43":4,"44":1,"45":4,"46":1,"47":1,"48":1,"49":4,"50":1,"51":1,"52":3,"53":3,"54":4,"55":4,"56":4,"57":4,"58":0,"59":4,"60":0,"61":0,"62":2,"63":2,"64":2,"65":1,"66":1,"67":1,"68":0,"69":0,"70":0,"71":0,"72":0,"73":0,"74":0,"75":0,"76":2,"77":2,"78":2,"79":2,"80":2,"81":1,"82":1,"83":1,"84":1,"85":0,"86":1,"87":1,"88":1,"89":1,"90":1,"91":1,"92":1,"93":0,"94":0,"95":0,"96":0,"97":0,"98":0,"99":0,"100":0,"101":0,"102":0,"103":0,"104":1},"f":{"0":7,"1":3,"2":4,"3":4,"4":2,"5":0,"6":2,"7":1,"8":0,"9":0},"b":{"0":[0,3],"1":[3,3],"2":[1,2],"3":[1,1],"4":[1,3],"5":[1,3],"6":[1,3],"7":[1,3],"8":[4,4],"9":[1,3],"10":[4,4],"11":[0,4],"12":[1,1],"13":[1,1],"14":[0,1],"15":[0,0]},"_coverageSchema":"1a1c01bbd47fc00a2c39e90264f33305004495a9","hash":"3278eba911c91f271cee226f36fbc4c6a1d3ad4c"}
,"C:\\Users\\devir\\github-classroom\\h8-fsjs-gitclass-p2-23\\fsjs-p2-v1-c1-server-deviradwita\\helpers\\bcrypt.js": {"path":"C:\\Users\\devir\\github-classroom\\h8-fsjs-gitclass-p2-23\\fsjs-p2-v1-c1-server-deviradwita\\helpers\\bcrypt.js","statementMap":{"0":{"start":{"line":1,"column":15},"end":{"line":1,"column":32}},"1":{"start":{"line":3,"column":13},"end":{"line":5,"column":1}},"2":{"start":{"line":4,"column":4},"end":{"line":4,"column":40}},"3":{"start":{"line":7,"column":16},"end":{"line":9,"column":1}},"4":{"start":{"line":8,"column":3},"end":{"line":8,"column":52}},"5":{"start":{"line":11,"column":0},"end":{"line":11,"column":31}}},"fnMap":{"0":{"name":"(anonymous_0)","decl":{"start":{"line":3,"column":13},"end":{"line":3,"column":14}},"loc":{"start":{"line":3,"column":26},"end":{"line":5,"column":1}},"line":3},"1":{"name":"(anonymous_1)","decl":{"start":{"line":7,"column":16},"end":{"line":7,"column":17}},"loc":{"start":{"line":7,"column":42},"end":{"line":9,"column":1}},"line":7}},"branchMap":{},"s":{"0":1,"1":1,"2":5,"3":1,"4":2,"5":1},"f":{"0":5,"1":2},"b":{},"_coverageSchema":"1a1c01bbd47fc00a2c39e90264f33305004495a9","hash":"d67b158efca328175ac7dc0cc265c06ac211d923"}
,"C:\\Users\\devir\\github-classroom\\h8-fsjs-gitclass-p2-23\\fsjs-p2-v1-c1-server-deviradwita\\helpers\\jwt.js": {"path":"C:\\Users\\devir\\github-classroom\\h8-fsjs-gitclass-p2-23\\fsjs-p2-v1-c1-server-deviradwita\\helpers\\jwt.js","statementMap":{"0":{"start":{"line":1,"column":12},"end":{"line":1,"column":35}},"1":{"start":{"line":2,"column":15},"end":{"line":2,"column":33}},"2":{"start":{"line":4,"column":0},"end":{"line":7,"column":1}},"3":{"start":{"line":5,"column":30},"end":{"line":5,"column":55}},"4":{"start":{"line":6,"column":29},"end":{"line":6,"column":55}}},"fnMap":{"0":{"name":"(anonymous_0)","decl":{"start":{"line":5,"column":18},"end":{"line":5,"column":19}},"loc":{"start":{"line":5,"column":30},"end":{"line":5,"column":55}},"line":5},"1":{"name":"(anonymous_1)","decl":{"start":{"line":6,"column":18},"end":{"line":6,"column":19}},"loc":{"start":{"line":6,"column":29},"end":{"line":6,"column":55}},"line":6}},"branchMap":{},"s":{"0":1,"1":1,"2":1,"3":2,"4":4},"f":{"0":2,"1":4},"b":{},"_coverageSchema":"1a1c01bbd47fc00a2c39e90264f33305004495a9","hash":"d34c0585d6f0b395cc24572d263c0025e75feeb8"}
,"C:\\Users\\devir\\github-classroom\\h8-fsjs-gitclass-p2-23\\fsjs-p2-v1-c1-server-deviradwita\\lib\\bulkInsertFoods.js": {"path":"C:\\Users\\devir\\github-classroom\\h8-fsjs-gitclass-p2-23\\fsjs-p2-v1-c1-server-deviradwita\\lib\\bulkInsertFoods.js","statementMap":{"0":{"start":{"line":1,"column":41},"end":{"line":1,"column":61}},"1":{"start":{"line":2,"column":11},"end":{"line":2,"column":31}},"2":{"start":{"line":3,"column":22},"end":{"line":3,"column":54}},"3":{"start":{"line":9,"column":8},"end":{"line":13,"column":10}},"4":{"start":{"line":16,"column":8},"end":{"line":34,"column":9}},"5":{"start":{"line":36,"column":8},"end":{"line":36,"column":39}},"6":{"start":{"line":38,"column":8},"end":{"line":42,"column":10}},"7":{"start":{"line":45,"column":28},"end":{"line":59,"column":9}},"8":{"start":{"line":61,"column":8},"end":{"line":61,"column":49}},"9":{"start":{"line":64,"column":8},"end":{"line":68,"column":10}},"10":{"start":{"line":71,"column":19},"end":{"line":247,"column":9}},"11":{"start":{"line":255,"column":8},"end":{"line":255,"column":35}},"12":{"start":{"line":257,"column":8},"end":{"line":261,"column":10}},"13":{"start":{"line":263,"column":26},"end":{"line":272,"column":9}},"14":{"start":{"line":274,"column":8},"end":{"line":274,"column":47}},"15":{"start":{"line":281,"column":0},"end":{"line":281,"column":31}}},"fnMap":{"0":{"name":"bulkInsertFoods","decl":{"start":{"line":6,"column":15},"end":{"line":6,"column":30}},"loc":{"start":{"line":6,"column":32},"end":{"line":279,"column":1}},"line":6}},"branchMap":{},"s":{"0":1,"1":1,"2":1,"3":1,"4":1,"5":1,"6":1,"7":1,"8":1,"9":1,"10":1,"11":1,"12":1,"13":1,"14":1,"15":1},"f":{"0":1},"b":{},"_coverageSchema":"1a1c01bbd47fc00a2c39e90264f33305004495a9","hash":"fe6c9bac7981b9a6e3a50083c45b6dbbe30d2235"}
,"C:\\Users\\devir\\github-classroom\\h8-fsjs-gitclass-p2-23\\fsjs-p2-v1-c1-server-deviradwita\\middleware\\authentication.js": {"path":"C:\\Users\\devir\\github-classroom\\h8-fsjs-gitclass-p2-23\\fsjs-p2-v1-c1-server-deviradwita\\middleware\\authentication.js","statementMap":{"0":{"start":{"line":1,"column":24},"end":{"line":1,"column":49}},"1":{"start":{"line":2,"column":15},"end":{"line":2,"column":35}},"2":{"start":{"line":6,"column":4},"end":{"line":32,"column":5}},"3":{"start":{"line":7,"column":29},"end":{"line":7,"column":53}},"4":{"start":{"line":9,"column":8},"end":{"line":11,"column":9}},"5":{"start":{"line":10,"column":12},"end":{"line":10,"column":41}},"6":{"start":{"line":13,"column":24},"end":{"line":13,"column":49}},"7":{"start":{"line":15,"column":21},"end":{"line":15,"column":52}},"8":{"start":{"line":17,"column":8},"end":{"line":19,"column":9}},"9":{"start":{"line":18,"column":12},"end":{"line":18,"column":41}},"10":{"start":{"line":20,"column":8},"end":{"line":24,"column":9}},"11":{"start":{"line":26,"column":8},"end":{"line":26,"column":14}},"12":{"start":{"line":30,"column":8},"end":{"line":30,"column":17}},"13":{"start":{"line":35,"column":0},"end":{"line":35,"column":30}}},"fnMap":{"0":{"name":"authentication","decl":{"start":{"line":5,"column":15},"end":{"line":5,"column":29}},"loc":{"start":{"line":5,"column":47},"end":{"line":33,"column":1}},"line":5}},"branchMap":{"0":{"loc":{"start":{"line":9,"column":8},"end":{"line":11,"column":9}},"type":"if","locations":[{"start":{"line":9,"column":8},"end":{"line":11,"column":9}},{"start":{},"end":{}}],"line":9},"1":{"loc":{"start":{"line":17,"column":8},"end":{"line":19,"column":9}},"type":"if","locations":[{"start":{"line":17,"column":8},"end":{"line":19,"column":9}},{"start":{},"end":{}}],"line":17}},"s":{"0":1,"1":1,"2":5,"3":5,"4":5,"5":1,"6":4,"7":3,"8":3,"9":0,"10":3,"11":3,"12":2,"13":1},"f":{"0":5},"b":{"0":[1,4],"1":[0,3]},"_coverageSchema":"1a1c01bbd47fc00a2c39e90264f33305004495a9","hash":"8541dba2066e99a9c74d7f07672779a0226df10c"}
,"C:\\Users\\devir\\github-classroom\\h8-fsjs-gitclass-p2-23\\fsjs-p2-v1-c1-server-deviradwita\\middleware\\authorizationDelete.js": {"path":"C:\\Users\\devir\\github-classroom\\h8-fsjs-gitclass-p2-23\\fsjs-p2-v1-c1-server-deviradwita\\middleware\\authorizationDelete.js","statementMap":{"0":{"start":{"line":1,"column":15},"end":{"line":1,"column":35}},"1":{"start":{"line":5,"column":4},"end":{"line":26,"column":5}},"2":{"start":{"line":6,"column":20},"end":{"line":6,"column":54}},"3":{"start":{"line":8,"column":8},"end":{"line":10,"column":9}},"4":{"start":{"line":9,"column":12},"end":{"line":9,"column":37}},"5":{"start":{"line":13,"column":8},"end":{"line":21,"column":9}},"6":{"start":{"line":14,"column":12},"end":{"line":14,"column":18}},"7":{"start":{"line":16,"column":12},"end":{"line":20,"column":13}},"8":{"start":{"line":17,"column":16},"end":{"line":17,"column":22}},"9":{"start":{"line":19,"column":16},"end":{"line":19,"column":42}},"10":{"start":{"line":25,"column":7},"end":{"line":25,"column":16}},"11":{"start":{"line":29,"column":0},"end":{"line":29,"column":36}}},"fnMap":{"0":{"name":"authorizationDelete","decl":{"start":{"line":4,"column":15},"end":{"line":4,"column":34}},"loc":{"start":{"line":4,"column":50},"end":{"line":27,"column":1}},"line":4}},"branchMap":{"0":{"loc":{"start":{"line":8,"column":8},"end":{"line":10,"column":9}},"type":"if","locations":[{"start":{"line":8,"column":8},"end":{"line":10,"column":9}},{"start":{},"end":{}}],"line":8},"1":{"loc":{"start":{"line":13,"column":8},"end":{"line":21,"column":9}},"type":"if","locations":[{"start":{"line":13,"column":8},"end":{"line":21,"column":9}},{"start":{"line":15,"column":15},"end":{"line":21,"column":9}}],"line":13},"2":{"loc":{"start":{"line":16,"column":12},"end":{"line":20,"column":13}},"type":"if","locations":[{"start":{"line":16,"column":12},"end":{"line":20,"column":13}},{"start":{"line":18,"column":19},"end":{"line":20,"column":13}}],"line":16}},"s":{"0":1,"1":0,"2":0,"3":0,"4":0,"5":0,"6":0,"7":0,"8":0,"9":0,"10":0,"11":1},"f":{"0":0},"b":{"0":[0,0],"1":[0,0],"2":[0,0]},"_coverageSchema":"1a1c01bbd47fc00a2c39e90264f33305004495a9","hash":"e402ade2045b84bb467c72d0dc0191887979e98b"}
,"C:\\Users\\devir\\github-classroom\\h8-fsjs-gitclass-p2-23\\fsjs-p2-v1-c1-server-deviradwita\\middleware\\authorizationEdit.js": {"path":"C:\\Users\\devir\\github-classroom\\h8-fsjs-gitclass-p2-23\\fsjs-p2-v1-c1-server-deviradwita\\middleware\\authorizationEdit.js","statementMap":{"0":{"start":{"line":1,"column":15},"end":{"line":1,"column":35}},"1":{"start":{"line":4,"column":4},"end":{"line":25,"column":5}},"2":{"start":{"line":5,"column":20},"end":{"line":5,"column":54}},"3":{"start":{"line":7,"column":8},"end":{"line":9,"column":9}},"4":{"start":{"line":8,"column":12},"end":{"line":8,"column":37}},"5":{"start":{"line":12,"column":8},"end":{"line":20,"column":9}},"6":{"start":{"line":13,"column":12},"end":{"line":13,"column":18}},"7":{"start":{"line":15,"column":12},"end":{"line":19,"column":13}},"8":{"start":{"line":16,"column":16},"end":{"line":16,"column":22}},"9":{"start":{"line":18,"column":16},"end":{"line":18,"column":42}},"10":{"start":{"line":24,"column":7},"end":{"line":24,"column":16}},"11":{"start":{"line":28,"column":0},"end":{"line":28,"column":34}}},"fnMap":{"0":{"name":"authorizationEdit","decl":{"start":{"line":3,"column":15},"end":{"line":3,"column":32}},"loc":{"start":{"line":3,"column":48},"end":{"line":26,"column":1}},"line":3}},"branchMap":{"0":{"loc":{"start":{"line":7,"column":8},"end":{"line":9,"column":9}},"type":"if","locations":[{"start":{"line":7,"column":8},"end":{"line":9,"column":9}},{"start":{},"end":{}}],"line":7},"1":{"loc":{"start":{"line":12,"column":8},"end":{"line":20,"column":9}},"type":"if","locations":[{"start":{"line":12,"column":8},"end":{"line":20,"column":9}},{"start":{"line":14,"column":15},"end":{"line":20,"column":9}}],"line":12},"2":{"loc":{"start":{"line":15,"column":12},"end":{"line":19,"column":13}},"type":"if","locations":[{"start":{"line":15,"column":12},"end":{"line":19,"column":13}},{"start":{"line":17,"column":19},"end":{"line":19,"column":13}}],"line":15}},"s":{"0":1,"1":0,"2":0,"3":0,"4":0,"5":0,"6":0,"7":0,"8":0,"9":0,"10":0,"11":1},"f":{"0":0},"b":{"0":[0,0],"1":[0,0],"2":[0,0]},"_coverageSchema":"1a1c01bbd47fc00a2c39e90264f33305004495a9","hash":"1962cd8b9a0987220c5a7fdb94e537bb1fe81265"}
,"C:\\Users\\devir\\github-classroom\\h8-fsjs-gitclass-p2-23\\fsjs-p2-v1-c1-server-deviradwita\\middleware\\errorHandler.js": {"path":"C:\\Users\\devir\\github-classroom\\h8-fsjs-gitclass-p2-23\\fsjs-p2-v1-c1-server-deviradwita\\middleware\\errorHandler.js","statementMap":{"0":{"start":{"line":3,"column":4},"end":{"line":35,"column":5}},"1":{"start":{"line":4,"column":6},"end":{"line":6,"column":9}},"2":{"start":{"line":7,"column":11},"end":{"line":35,"column":5}},"3":{"start":{"line":8,"column":6},"end":{"line":10,"column":9}},"4":{"start":{"line":11,"column":11},"end":{"line":35,"column":5}},"5":{"start":{"line":12,"column":6},"end":{"line":14,"column":9}},"6":{"start":{"line":15,"column":11},"end":{"line":35,"column":5}},"7":{"start":{"line":16,"column":6},"end":{"line":18,"column":9}},"8":{"start":{"line":19,"column":11},"end":{"line":35,"column":5}},"9":{"start":{"line":20,"column":6},"end":{"line":22,"column":9}},"10":{"start":{"line":23,"column":11},"end":{"line":35,"column":5}},"11":{"start":{"line":24,"column":6},"end":{"line":26,"column":9}},"12":{"start":{"line":27,"column":11},"end":{"line":35,"column":5}},"13":{"start":{"line":28,"column":6},"end":{"line":30,"column":9}},"14":{"start":{"line":32,"column":6},"end":{"line":34,"column":9}},"15":{"start":{"line":38,"column":2},"end":{"line":38,"column":31}}},"fnMap":{"0":{"name":"errorHandler","decl":{"start":{"line":1,"column":9},"end":{"line":1,"column":21}},"loc":{"start":{"line":1,"column":44},"end":{"line":36,"column":3}},"line":1}},"branchMap":{"0":{"loc":{"start":{"line":3,"column":4},"end":{"line":35,"column":5}},"type":"if","locations":[{"start":{"line":3,"column":4},"end":{"line":35,"column":5}},{"start":{"line":7,"column":11},"end":{"line":35,"column":5}}],"line":3},"1":{"loc":{"start":{"line":7,"column":11},"end":{"line":35,"column":5}},"type":"if","locations":[{"start":{"line":7,"column":11},"end":{"line":35,"column":5}},{"start":{"line":11,"column":11},"end":{"line":35,"column":5}}],"line":7},"2":{"loc":{"start":{"line":11,"column":11},"end":{"line":35,"column":5}},"type":"if","locations":[{"start":{"line":11,"column":11},"end":{"line":35,"column":5}},{"start":{"line":15,"column":11},"end":{"line":35,"column":5}}],"line":11},"3":{"loc":{"start":{"line":11,"column":15},"end":{"line":11,"column":102}},"type":"binary-expr","locations":[{"start":{"line":11,"column":15},"end":{"line":11,"column":54}},{"start":{"line":11,"column":57},"end":{"line":11,"column":102}}],"line":11},"4":{"loc":{"start":{"line":15,"column":11},"end":{"line":35,"column":5}},"type":"if","locations":[{"start":{"line":15,"column":11},"end":{"line":35,"column":5}},{"start":{"line":19,"column":11},"end":{"line":35,"column":5}}],"line":15},"5":{"loc":{"start":{"line":19,"column":11},"end":{"line":35,"column":5}},"type":"if","locations":[{"start":{"line":19,"column":11},"end":{"line":35,"column":5}},{"start":{"line":23,"column":11},"end":{"line":35,"column":5}}],"line":19},"6":{"loc":{"start":{"line":19,"column":15},"end":{"line":19,"column":78}},"type":"binary-expr","locations":[{"start":{"line":19,"column":15},"end":{"line":19,"column":42}},{"start":{"line":19,"column":46},"end":{"line":19,"column":78}}],"line":19},"7":{"loc":{"start":{"line":23,"column":11},"end":{"line":35,"column":5}},"type":"if","locations":[{"start":{"line":23,"column":11},"end":{"line":35,"column":5}},{"start":{"line":27,"column":11},"end":{"line":35,"column":5}}],"line":23},"8":{"loc":{"start":{"line":27,"column":11},"end":{"line":35,"column":5}},"type":"if","locations":[{"start":{"line":27,"column":11},"end":{"line":35,"column":5}},{"start":{"line":31,"column":11},"end":{"line":35,"column":5}}],"line":27}},"s":{"0":12,"1":0,"2":12,"3":0,"4":12,"5":6,"6":6,"7":2,"8":4,"9":2,"10":2,"11":0,"12":2,"13":2,"14":0,"15":1},"f":{"0":12},"b":{"0":[0,12],"1":[0,12],"2":[6,6],"3":[12,7],"4":[2,4],"5":[2,2],"6":[4,3],"7":[0,2],"8":[2,0]},"_coverageSchema":"1a1c01bbd47fc00a2c39e90264f33305004495a9","hash":"24ca1ab45fa84e4d5e6134142f856600dc160d11"}
,"C:\\Users\\devir\\github-classroom\\h8-fsjs-gitclass-p2-23\\fsjs-p2-v1-c1-server-deviradwita\\models\\bookmark.js": {"path":"C:\\Users\\devir\\github-classroom\\h8-fsjs-gitclass-p2-23\\fsjs-p2-v1-c1-server-deviradwita\\models\\bookmark.js","statementMap":{"0":{"start":{"line":4,"column":4},"end":{"line":4,"column":24}},"1":{"start":{"line":5,"column":0},"end":{"line":27,"column":2}},"2":{"start":{"line":14,"column":6},"end":{"line":14,"column":37}},"3":{"start":{"line":15,"column":6},"end":{"line":15,"column":37}},"4":{"start":{"line":19,"column":2},"end":{"line":25,"column":5}},"5":{"start":{"line":26,"column":2},"end":{"line":26,"column":18}}},"fnMap":{"0":{"name":"(anonymous_0)","decl":{"start":{"line":5,"column":17},"end":{"line":5,"column":18}},"loc":{"start":{"line":5,"column":43},"end":{"line":27,"column":1}},"line":5},"1":{"name":"(anonymous_1)","decl":{"start":{"line":12,"column":4},"end":{"line":12,"column":5}},"loc":{"start":{"line":12,"column":29},"end":{"line":17,"column":5}},"line":12}},"branchMap":{},"s":{"0":1,"1":1,"2":1,"3":1,"4":1,"5":1},"f":{"0":1,"1":1},"b":{},"_coverageSchema":"1a1c01bbd47fc00a2c39e90264f33305004495a9","hash":"7fefa05aa975ad8b83b57fe8915e1e7ca5cb2772"}
,"C:\\Users\\devir\\github-classroom\\h8-fsjs-gitclass-p2-23\\fsjs-p2-v1-c1-server-deviradwita\\models\\category.js": {"path":"C:\\Users\\devir\\github-classroom\\h8-fsjs-gitclass-p2-23\\fsjs-p2-v1-c1-server-deviradwita\\models\\category.js","statementMap":{"0":{"start":{"line":4,"column":4},"end":{"line":4,"column":24}},"1":{"start":{"line":5,"column":0},"end":{"line":35,"column":2}},"2":{"start":{"line":14,"column":6},"end":{"line":14,"column":63}},"3":{"start":{"line":17,"column":2},"end":{"line":33,"column":5}},"4":{"start":{"line":34,"column":2},"end":{"line":34,"column":18}}},"fnMap":{"0":{"name":"(anonymous_0)","decl":{"start":{"line":5,"column":17},"end":{"line":5,"column":18}},"loc":{"start":{"line":5,"column":43},"end":{"line":35,"column":1}},"line":5},"1":{"name":"(anonymous_1)","decl":{"start":{"line":12,"column":4},"end":{"line":12,"column":5}},"loc":{"start":{"line":12,"column":29},"end":{"line":15,"column":5}},"line":12}},"branchMap":{},"s":{"0":1,"1":1,"2":1,"3":1,"4":1},"f":{"0":1,"1":1},"b":{},"_coverageSchema":"1a1c01bbd47fc00a2c39e90264f33305004495a9","hash":"6dbb82ac9d12295bb5f8555620ab00c3f35688fa"}
,"C:\\Users\\devir\\github-classroom\\h8-fsjs-gitclass-p2-23\\fsjs-p2-v1-c1-server-deviradwita\\models\\food.js": {"path":"C:\\Users\\devir\\github-classroom\\h8-fsjs-gitclass-p2-23\\fsjs-p2-v1-c1-server-deviradwita\\models\\food.js","statementMap":{"0":{"start":{"line":4,"column":4},"end":{"line":4,"column":24}},"1":{"start":{"line":5,"column":0},"end":{"line":94,"column":2}},"2":{"start":{"line":14,"column":6},"end":{"line":14,"column":59}},"3":{"start":{"line":15,"column":6},"end":{"line":15,"column":65}},"4":{"start":{"line":16,"column":6},"end":{"line":16,"column":35}},"5":{"start":{"line":20,"column":2},"end":{"line":81,"column":5}},"6":{"start":{"line":83,"column":2},"end":{"line":87,"column":4}},"7":{"start":{"line":84,"column":4},"end":{"line":86,"column":6}},"8":{"start":{"line":85,"column":6},"end":{"line":85,"column":26}},"9":{"start":{"line":88,"column":2},"end":{"line":91,"column":4}},"10":{"start":{"line":89,"column":4},"end":{"line":89,"column":26}},"11":{"start":{"line":93,"column":2},"end":{"line":93,"column":14}}},"fnMap":{"0":{"name":"(anonymous_0)","decl":{"start":{"line":5,"column":17},"end":{"line":5,"column":18}},"loc":{"start":{"line":5,"column":43},"end":{"line":94,"column":1}},"line":5},"1":{"name":"(anonymous_1)","decl":{"start":{"line":12,"column":4},"end":{"line":12,"column":5}},"loc":{"start":{"line":12,"column":29},"end":{"line":18,"column":5}},"line":12},"2":{"name":"(anonymous_2)","decl":{"start":{"line":83,"column":24},"end":{"line":83,"column":25}},"loc":{"start":{"line":83,"column":42},"end":{"line":87,"column":3}},"line":83},"3":{"name":"(anonymous_3)","decl":{"start":{"line":84,"column":18},"end":{"line":84,"column":19}},"loc":{"start":{"line":84,"column":22},"end":{"line":86,"column":5}},"line":84},"4":{"name":"(anonymous_4)","decl":{"start":{"line":88,"column":20},"end":{"line":88,"column":21}},"loc":{"start":{"line":88,"column":37},"end":{"line":91,"column":3}},"line":88}},"branchMap":{},"s":{"0":1,"1":1,"2":1,"3":1,"4":1,"5":1,"6":1,"7":1,"8":22,"9":1,"10":0,"11":1},"f":{"0":1,"1":1,"2":1,"3":22,"4":0},"b":{},"_coverageSchema":"1a1c01bbd47fc00a2c39e90264f33305004495a9","hash":"ad10bf32aa973cab02ce15c58776ec3326bbb6b2"}
,"C:\\Users\\devir\\github-classroom\\h8-fsjs-gitclass-p2-23\\fsjs-p2-v1-c1-server-deviradwita\\models\\history.js": {"path":"C:\\Users\\devir\\github-classroom\\h8-fsjs-gitclass-p2-23\\fsjs-p2-v1-c1-server-deviradwita\\models\\history.js","statementMap":{"0":{"start":{"line":4,"column":4},"end":{"line":4,"column":24}},"1":{"start":{"line":5,"column":0},"end":{"line":26,"column":2}},"2":{"start":{"line":16,"column":2},"end":{"line":23,"column":5}},"3":{"start":{"line":25,"column":2},"end":{"line":25,"column":17}}},"fnMap":{"0":{"name":"(anonymous_0)","decl":{"start":{"line":5,"column":17},"end":{"line":5,"column":18}},"loc":{"start":{"line":5,"column":43},"end":{"line":26,"column":1}},"line":5},"1":{"name":"(anonymous_1)","decl":{"start":{"line":12,"column":4},"end":{"line":12,"column":5}},"loc":{"start":{"line":12,"column":29},"end":{"line":14,"column":5}},"line":12}},"branchMap":{},"s":{"0":1,"1":1,"2":1,"3":1},"f":{"0":1,"1":1},"b":{},"_coverageSchema":"1a1c01bbd47fc00a2c39e90264f33305004495a9","hash":"0385ac74461a2860c7e4293fbffb0f5a7e26700a"}
,"C:\\Users\\devir\\github-classroom\\h8-fsjs-gitclass-p2-23\\fsjs-p2-v1-c1-server-deviradwita\\models\\index.js": {"path":"C:\\Users\\devir\\github-classroom\\h8-fsjs-gitclass-p2-23\\fsjs-p2-v1-c1-server-deviradwita\\models\\index.js","statementMap":{"0":{"start":{"line":3,"column":11},"end":{"line":3,"column":24}},"1":{"start":{"line":4,"column":13},"end":{"line":4,"column":28}},"2":{"start":{"line":5,"column":18},"end":{"line":5,"column":38}},"3":{"start":{"line":6,"column":16},"end":{"line":6,"column":34}},"4":{"start":{"line":7,"column":17},"end":{"line":7,"column":42}},"5":{"start":{"line":8,"column":12},"end":{"line":8,"column":49}},"6":{"start":{"line":9,"column":15},"end":{"line":9,"column":65}},"7":{"start":{"line":10,"column":11},"end":{"line":10,"column":13}},"8":{"start":{"line":13,"column":0},"end":{"line":17,"column":1}},"9":{"start":{"line":14,"column":2},"end":{"line":14,"column":74}},"10":{"start":{"line":16,"column":2},"end":{"line":16,"column":87}},"11":{"start":{"line":19,"column":0},"end":{"line":32,"column":5}},"12":{"start":{"line":22,"column":4},"end":{"line":27,"column":6}},"13":{"start":{"line":30,"column":18},"end":{"line":30,"column":85}},"14":{"start":{"line":31,"column":4},"end":{"line":31,"column":27}},"15":{"start":{"line":34,"column":0},"end":{"line":38,"column":3}},"16":{"start":{"line":35,"column":2},"end":{"line":37,"column":3}},"17":{"start":{"line":36,"column":4},"end":{"line":36,"column":32}},"18":{"start":{"line":40,"column":0},"end":{"line":40,"column":25}},"19":{"start":{"line":41,"column":0},"end":{"line":41,"column":25}},"20":{"start":{"line":43,"column":0},"end":{"line":43,"column":20}}},"fnMap":{"0":{"name":"(anonymous_0)","decl":{"start":{"line":21,"column":10},"end":{"line":21,"column":11}},"loc":{"start":{"line":21,"column":18},"end":{"line":28,"column":3}},"line":21},"1":{"name":"(anonymous_1)","decl":{"start":{"line":29,"column":11},"end":{"line":29,"column":12}},"loc":{"start":{"line":29,"column":19},"end":{"line":32,"column":3}},"line":29},"2":{"name":"(anonymous_2)","decl":{"start":{"line":34,"column":24},"end":{"line":34,"column":25}},"loc":{"start":{"line":34,"column":37},"end":{"line":38,"column":1}},"line":34}},"branchMap":{"0":{"loc":{"start":{"line":8,"column":12},"end":{"line":8,"column":49}},"type":"binary-expr","locations":[{"start":{"line":8,"column":12},"end":{"line":8,"column":32}},{"start":{"line":8,"column":36},"end":{"line":8,"column":49}}],"line":8},"1":{"loc":{"start":{"line":13,"column":0},"end":{"line":17,"column":1}},"type":"if","locations":[{"start":{"line":13,"column":0},"end":{"line":17,"column":1}},{"start":{"line":15,"column":7},"end":{"line":17,"column":1}}],"line":13},"2":{"loc":{"start":{"line":23,"column":6},"end":{"line":26,"column":37}},"type":"binary-expr","locations":[{"start":{"line":23,"column":6},"end":{"line":23,"column":29}},{"start":{"line":24,"column":6},"end":{"line":24,"column":23}},{"start":{"line":25,"column":6},"end":{"line":25,"column":30}},{"start":{"line":26,"column":6},"end":{"line":26,"column":37}}],"line":23},"3":{"loc":{"start":{"line":35,"column":2},"end":{"line":37,"column":3}},"type":"if","locations":[{"start":{"line":35,"column":2},"end":{"line":37,"column":3}},{"start":{},"end":{}}],"line":35}},"s":{"0":1,"1":1,"2":1,"3":1,"4":1,"5":1,"6":1,"7":1,"8":1,"9":0,"10":1,"11":1,"12":6,"13":5,"14":5,"15":1,"16":5,"17":5,"18":1,"19":1,"20":1},"f":{"0":6,"1":5,"2":5},"b":{"0":[1,0],"1":[0,1],"2":[6,6,5,5],"3":[5,0]},"_coverageSchema":"1a1c01bbd47fc00a2c39e90264f33305004495a9","hash":"116fe125d3a81a64cbdc84b9a8976b69705fffda"}
,"C:\\Users\\devir\\github-classroom\\h8-fsjs-gitclass-p2-23\\fsjs-p2-v1-c1-server-deviradwita\\models\\user.js": {"path":"C:\\Users\\devir\\github-classroom\\h8-fsjs-gitclass-p2-23\\fsjs-p2-v1-c1-server-deviradwita\\models\\user.js","statementMap":{"0":{"start":{"line":4,"column":4},"end":{"line":4,"column":24}},"1":{"start":{"line":5,"column":17},"end":{"line":5,"column":45}},"2":{"start":{"line":6,"column":0},"end":{"line":83,"column":2}},"3":{"start":{"line":14,"column":6},"end":{"line":14,"column":57}},"4":{"start":{"line":15,"column":6},"end":{"line":15,"column":35}},"5":{"start":{"line":19,"column":2},"end":{"line":65,"column":5}},"6":{"start":{"line":67,"column":2},"end":{"line":71,"column":4}},"7":{"start":{"line":68,"column":4},"end":{"line":70,"column":6}},"8":{"start":{"line":69,"column":6},"end":{"line":69,"column":37}},"9":{"start":{"line":73,"column":2},"end":{"line":75,"column":4}},"10":{"start":{"line":74,"column":4},"end":{"line":74,"column":39}},"11":{"start":{"line":82,"column":2},"end":{"line":82,"column":14}}},"fnMap":{"0":{"name":"(anonymous_0)","decl":{"start":{"line":6,"column":17},"end":{"line":6,"column":18}},"loc":{"start":{"line":6,"column":43},"end":{"line":83,"column":1}},"line":6},"1":{"name":"(anonymous_1)","decl":{"start":{"line":13,"column":4},"end":{"line":13,"column":5}},"loc":{"start":{"line":13,"column":29},"end":{"line":17,"column":5}},"line":13},"2":{"name":"(anonymous_2)","decl":{"start":{"line":67,"column":24},"end":{"line":67,"column":25}},"loc":{"start":{"line":67,"column":41},"end":{"line":71,"column":3}},"line":67},"3":{"name":"(anonymous_3)","decl":{"start":{"line":68,"column":17},"end":{"line":68,"column":18}},"loc":{"start":{"line":68,"column":21},"end":{"line":70,"column":5}},"line":68},"4":{"name":"(anonymous_4)","decl":{"start":{"line":73,"column":20},"end":{"line":73,"column":21}},"loc":{"start":{"line":73,"column":37},"end":{"line":75,"column":3}},"line":73}},"branchMap":{},"s":{"0":1,"1":1,"2":1,"3":1,"4":1,"5":1,"6":1,"7":1,"8":2,"9":1,"10":3,"11":1},"f":{"0":1,"1":1,"2":1,"3":2,"4":3},"b":{},"_coverageSchema":"1a1c01bbd47fc00a2c39e90264f33305004495a9","hash":"62276df42e0f7fbadc443b37f000e3d369904e8e"}
,"C:\\Users\\devir\\github-classroom\\h8-fsjs-gitclass-p2-23\\fsjs-p2-v1-c1-server-deviradwita\\routes\\bookmark.js": {"path":"C:\\Users\\devir\\github-classroom\\h8-fsjs-gitclass-p2-23\\fsjs-p2-v1-c1-server-deviradwita\\routes\\bookmark.js","statementMap":{"0":{"start":{"line":1,"column":16},"end":{"line":1,"column":34}},"1":{"start":{"line":2,"column":25},"end":{"line":2,"column":65}},"2":{"start":{"line":3,"column":15},"end":{"line":3,"column":31}},"3":{"start":{"line":5,"column":0},"end":{"line":5,"column":63}},"4":{"start":{"line":6,"column":0},"end":{"line":6,"column":70}},"5":{"start":{"line":8,"column":0},"end":{"line":8,"column":22}}},"fnMap":{},"branchMap":{},"s":{"0":1,"1":1,"2":1,"3":1,"4":1,"5":1},"f":{},"b":{},"_coverageSchema":"1a1c01bbd47fc00a2c39e90264f33305004495a9","hash":"7c15adc54560524a1d773c334b357a13b09d4230"}
,"C:\\Users\\devir\\github-classroom\\h8-fsjs-gitclass-p2-23\\fsjs-p2-v1-c1-server-deviradwita\\routes\\category.js": {"path":"C:\\Users\\devir\\github-classroom\\h8-fsjs-gitclass-p2-23\\fsjs-p2-v1-c1-server-deviradwita\\routes\\category.js","statementMap":{"0":{"start":{"line":1,"column":16},"end":{"line":1,"column":34}},"1":{"start":{"line":2,"column":15},"end":{"line":2,"column":31}},"2":{"start":{"line":3,"column":19},"end":{"line":3,"column":55}},"3":{"start":{"line":5,"column":0},"end":{"line":5,"column":52}},"4":{"start":{"line":6,"column":0},"end":{"line":6,"column":53}},"5":{"start":{"line":7,"column":0},"end":{"line":7,"column":59}},"6":{"start":{"line":8,"column":0},"end":{"line":8,"column":59}},"7":{"start":{"line":9,"column":0},"end":{"line":9,"column":58}},"8":{"start":{"line":11,"column":0},"end":{"line":11,"column":22}}},"fnMap":{},"branchMap":{},"s":{"0":1,"1":1,"2":1,"3":1,"4":1,"5":1,"6":1,"7":1,"8":1},"f":{},"b":{},"_coverageSchema":"1a1c01bbd47fc00a2c39e90264f33305004495a9","hash":"ec4fed9cf7d79427439f198aaf0dee7e8fc5a6b4"}
,"C:\\Users\\devir\\github-classroom\\h8-fsjs-gitclass-p2-23\\fsjs-p2-v1-c1-server-deviradwita\\routes\\foods.js": {"path":"C:\\Users\\devir\\github-classroom\\h8-fsjs-gitclass-p2-23\\fsjs-p2-v1-c1-server-deviradwita\\routes\\foods.js","statementMap":{"0":{"start":{"line":1,"column":16},"end":{"line":1,"column":34}},"1":{"start":{"line":2,"column":15},"end":{"line":2,"column":31}},"2":{"start":{"line":3,"column":19},"end":{"line":3,"column":55}},"3":{"start":{"line":4,"column":24},"end":{"line":4,"column":49}},"4":{"start":{"line":5,"column":28},"end":{"line":5,"column":72}},"5":{"start":{"line":6,"column":26},"end":{"line":6,"column":68}},"6":{"start":{"line":10,"column":0},"end":{"line":10,"column":44}},"7":{"start":{"line":11,"column":0},"end":{"line":11,"column":45}},"8":{"start":{"line":12,"column":0},"end":{"line":12,"column":68}},"9":{"start":{"line":13,"column":0},"end":{"line":13,"column":76}},"10":{"start":{"line":14,"column":0},"end":{"line":14,"column":49}},"11":{"start":{"line":15,"column":0},"end":{"line":15,"column":71}},"12":{"start":{"line":17,"column":0},"end":{"line":17,"column":24}}},"fnMap":{},"branchMap":{},"s":{"0":1,"1":1,"2":1,"3":1,"4":1,"5":1,"6":1,"7":1,"8":1,"9":1,"10":1,"11":1,"12":1},"f":{},"b":{},"_coverageSchema":"1a1c01bbd47fc00a2c39e90264f33305004495a9","hash":"aa9ee293f6083dc475e92e54be5a18e034297040"}
,"C:\\Users\\devir\\github-classroom\\h8-fsjs-gitclass-p2-23\\fsjs-p2-v1-c1-server-deviradwita\\routes\\history.js": {"path":"C:\\Users\\devir\\github-classroom\\h8-fsjs-gitclass-p2-23\\fsjs-p2-v1-c1-server-deviradwita\\routes\\history.js","statementMap":{"0":{"start":{"line":1,"column":16},"end":{"line":1,"column":34}},"1":{"start":{"line":2,"column":15},"end":{"line":2,"column":31}},"2":{"start":{"line":3,"column":19},"end":{"line":3,"column":55}},"3":{"start":{"line":5,"column":0},"end":{"line":5,"column":50}},"4":{"start":{"line":8,"column":0},"end":{"line":8,"column":22}}},"fnMap":{},"branchMap":{},"s":{"0":1,"1":1,"2":1,"3":1,"4":1},"f":{},"b":{},"_coverageSchema":"1a1c01bbd47fc00a2c39e90264f33305004495a9","hash":"80e09f85edd652969866708e42bc03f55ffb627a"}
,"C:\\Users\\devir\\github-classroom\\h8-fsjs-gitclass-p2-23\\fsjs-p2-v1-c1-server-deviradwita\\routes\\index.js": {"path":"C:\\Users\\devir\\github-classroom\\h8-fsjs-gitclass-p2-23\\fsjs-p2-v1-c1-server-deviradwita\\routes\\index.js","statementMap":{"0":{"start":{"line":1,"column":16},"end":{"line":1,"column":34}},"1":{"start":{"line":2,"column":15},"end":{"line":2,"column":31}},"2":{"start":{"line":3,"column":12},"end":{"line":3,"column":38}},"3":{"start":{"line":4,"column":17},"end":{"line":4,"column":47}},"4":{"start":{"line":5,"column":17},"end":{"line":5,"column":47}},"5":{"start":{"line":6,"column":14},"end":{"line":6,"column":41}},"6":{"start":{"line":7,"column":23},"end":{"line":7,"column":62}},"7":{"start":{"line":8,"column":13},"end":{"line":8,"column":39}},"8":{"start":{"line":9,"column":16},"end":{"line":9,"column":44}},"9":{"start":{"line":10,"column":19},"end":{"line":10,"column":47}},"10":{"start":{"line":11,"column":17},"end":{"line":11,"column":38}},"11":{"start":{"line":16,"column":0},"end":{"line":16,"column":17}},"12":{"start":{"line":17,"column":0},"end":{"line":17,"column":21}},"13":{"start":{"line":18,"column":0},"end":{"line":18,"column":22}},"14":{"start":{"line":19,"column":0},"end":{"line":19,"column":27}},"15":{"start":{"line":20,"column":0},"end":{"line":20,"column":17}},"16":{"start":{"line":21,"column":0},"end":{"line":21,"column":19}},"17":{"start":{"line":22,"column":0},"end":{"line":22,"column":20}},"18":{"start":{"line":23,"column":0},"end":{"line":23,"column":17}},"19":{"start":{"line":24,"column":0},"end":{"line":24,"column":21}},"20":{"start":{"line":27,"column":0},"end":{"line":27,"column":22}}},"fnMap":{},"branchMap":{},"s":{"0":1,"1":1,"2":1,"3":1,"4":1,"5":1,"6":1,"7":1,"8":1,"9":1,"10":1,"11":1,"12":1,"13":1,"14":1,"15":1,"16":1,"17":1,"18":1,"19":1,"20":1},"f":{},"b":{},"_coverageSchema":"1a1c01bbd47fc00a2c39e90264f33305004495a9","hash":"93153edfb8589062d8e16f8128421553ccd73a02"}
,"C:\\Users\\devir\\github-classroom\\h8-fsjs-gitclass-p2-23\\fsjs-p2-v1-c1-server-deviradwita\\routes\\login.js": {"path":"C:\\Users\\devir\\github-classroom\\h8-fsjs-gitclass-p2-23\\fsjs-p2-v1-c1-server-deviradwita\\routes\\login.js","statementMap":{"0":{"start":{"line":1,"column":16},"end":{"line":1,"column":34}},"1":{"start":{"line":2,"column":19},"end":{"line":2,"column":55}},"2":{"start":{"line":3,"column":25},"end":{"line":3,"column":65}},"3":{"start":{"line":4,"column":15},"end":{"line":4,"column":31}},"4":{"start":{"line":7,"column":0},"end":{"line":7,"column":39}},"5":{"start":{"line":8,"column":0},"end":{"line":8,"column":51}},"6":{"start":{"line":9,"column":0},"end":{"line":9,"column":60}},"7":{"start":{"line":10,"column":0},"end":{"line":10,"column":58}},"8":{"start":{"line":13,"column":0},"end":{"line":13,"column":24}}},"fnMap":{},"branchMap":{},"s":{"0":1,"1":1,"2":1,"3":1,"4":1,"5":1,"6":1,"7":1,"8":1},"f":{},"b":{},"_coverageSchema":"1a1c01bbd47fc00a2c39e90264f33305004495a9","hash":"4f328367fcf6132d09dea0d291252568866d6f94"}
,"C:\\Users\\devir\\github-classroom\\h8-fsjs-gitclass-p2-23\\fsjs-p2-v1-c1-server-deviradwita\\routes\\public.js": {"path":"C:\\Users\\devir\\github-classroom\\h8-fsjs-gitclass-p2-23\\fsjs-p2-v1-c1-server-deviradwita\\routes\\public.js","statementMap":{"0":{"start":{"line":1,"column":16},"end":{"line":1,"column":34}},"1":{"start":{"line":2,"column":25},"end":{"line":2,"column":65}},"2":{"start":{"line":3,"column":15},"end":{"line":3,"column":31}},"3":{"start":{"line":7,"column":0},"end":{"line":7,"column":56}},"4":{"start":{"line":8,"column":0},"end":{"line":8,"column":63}},"5":{"start":{"line":9,"column":0},"end":{"line":9,"column":66}},"6":{"start":{"line":10,"column":0},"end":{"line":10,"column":61}},"7":{"start":{"line":12,"column":0},"end":{"line":12,"column":22}}},"fnMap":{},"branchMap":{},"s":{"0":1,"1":1,"2":1,"3":1,"4":1,"5":1,"6":1,"7":1},"f":{},"b":{},"_coverageSchema":"1a1c01bbd47fc00a2c39e90264f33305004495a9","hash":"dd2eca42064862a3219db3c995b339cce6654898"}
,"C:\\Users\\devir\\github-classroom\\h8-fsjs-gitclass-p2-23\\fsjs-p2-v1-c1-server-deviradwita\\routes\\register.js": {"path":"C:\\Users\\devir\\github-classroom\\h8-fsjs-gitclass-p2-23\\fsjs-p2-v1-c1-server-deviradwita\\routes\\register.js","statementMap":{"0":{"start":{"line":1,"column":16},"end":{"line":1,"column":34}},"1":{"start":{"line":2,"column":15},"end":{"line":2,"column":31}},"2":{"start":{"line":3,"column":19},"end":{"line":3,"column":55}},"3":{"start":{"line":4,"column":25},"end":{"line":4,"column":65}},"4":{"start":{"line":7,"column":0},"end":{"line":7,"column":58}},"5":{"start":{"line":8,"column":0},"end":{"line":8,"column":69}},"6":{"start":{"line":10,"column":0},"end":{"line":10,"column":24}}},"fnMap":{},"branchMap":{},"s":{"0":1,"1":1,"2":1,"3":1,"4":1,"5":1,"6":1},"f":{},"b":{},"_coverageSchema":"1a1c01bbd47fc00a2c39e90264f33305004495a9","hash":"6e8190f5873fa156293bd26eb1d777ae9dc2c5f6"}
,"C:\\Users\\devir\\github-classroom\\h8-fsjs-gitclass-p2-23\\fsjs-p2-v1-c1-server-deviradwita\\routes\\user.js": {"path":"C:\\Users\\devir\\github-classroom\\h8-fsjs-gitclass-p2-23\\fsjs-p2-v1-c1-server-deviradwita\\routes\\user.js","statementMap":{"0":{"start":{"line":1,"column":16},"end":{"line":1,"column":34}},"1":{"start":{"line":2,"column":15},"end":{"line":2,"column":31}},"2":{"start":{"line":3,"column":19},"end":{"line":3,"column":55}},"3":{"start":{"line":6,"column":0},"end":{"line":6,"column":54}},"4":{"start":{"line":10,"column":0},"end":{"line":10,"column":22}}},"fnMap":{},"branchMap":{},"s":{"0":1,"1":1,"2":1,"3":1,"4":1},"f":{},"b":{},"_coverageSchema":"1a1c01bbd47fc00a2c39e90264f33305004495a9","hash":"6750fda700a05f683a0a295edf5be40dc2a1963d"}
}
