TN:
SF:app.js
FNF:0
FNH:0
DA:2,1
DA:3,1
DA:5,1
DA:6,1
DA:7,1
DA:11,1
DA:12,1
DA:13,1
DA:14,1
DA:16,1
DA:17,1
DA:18,1
DA:19,1
DA:20,1
DA:23,1
LF:15
LH:15
BRDA:2,0,0,1
BRDA:2,0,1,0
BRF:2
BRH:1
end_of_record
TN:
SF:controllers\controller.js
FN:10,(anonymous_0)
FN:52,(anonymous_1)
FN:93,(anonymous_2)
FN:144,(anonymous_3)
FN:168,(anonymous_4)
FN:187,(anonymous_5)
FN:231,(anonymous_6)
FN:273,(anonymous_7)
FN:289,(anonymous_8)
FN:310,(anonymous_9)
FN:335,(anonymous_10)
FN:353,(anonymous_11)
FN:369,(anonymous_12)
FN:383,(anonymous_13)
FN:415,(anonymous_14)
FN:432,(anonymous_15)
FNF:16
FNH:0
FNDA:0,(anonymous_0)
FNDA:0,(anonymous_1)
FNDA:0,(anonymous_2)
FNDA:0,(anonymous_3)
FNDA:0,(anonymous_4)
FNDA:0,(anonymous_5)
FNDA:0,(anonymous_6)
FNDA:0,(anonymous_7)
FNDA:0,(anonymous_8)
FNDA:0,(anonymous_9)
FNDA:0,(anonymous_10)
FNDA:0,(anonymous_11)
FNDA:0,(anonymous_12)
FNDA:0,(anonymous_13)
FNDA:0,(anonymous_14)
FNDA:0,(anonymous_15)
DA:1,1
DA:2,1
DA:3,1
DA:4,1
DA:6,1
DA:11,0
DA:13,0
DA:18,0
DA:26,0
DA:27,0
DA:33,0
DA:38,0
DA:53,0
DA:54,0
DA:64,0
DA:65,0
DA:67,0
DA:76,0
DA:77,0
DA:82,0
DA:87,0
DA:94,0
DA:96,0
DA:97,0
DA:106,0
DA:115,0
DA:116,0
DA:124,0
DA:129,0
DA:146,0
DA:148,0
DA:155,0
DA:159,0
DA:169,0
DA:170,0
DA:171,0
DA:172,0
DA:174,0
DA:180,0
DA:188,0
DA:189,0
DA:203,0
DA:204,0
DA:206,0
DA:215,0
DA:216,0
DA:221,0
DA:226,0
DA:232,0
DA:234,0
DA:236,0
DA:237,0
DA:246,0
DA:247,0
DA:250,0
DA:259,0
DA:260,0
DA:266,0
DA:269,0
DA:274,0
DA:276,0
DA:281,0
DA:285,0
DA:290,0
DA:291,0
DA:293,0
DA:297,0
DA:304,0
DA:311,0
DA:313,0
DA:314,0
DA:315,0
DA:317,0
DA:322,0
DA:330,0
DA:336,0
DA:337,0
DA:338,0
DA:339,0
DA:341,0
DA:346,0
DA:354,0
DA:355,0
DA:356,0
DA:357,0
DA:359,0
DA:364,0
DA:370,0
DA:371,0
DA:372,0
DA:375,0
DA:378,0
DA:384,0
DA:385,0
DA:386,0
DA:387,0
DA:388,0
DA:390,0
DA:392,0
DA:393,0
DA:396,0
DA:397,0
DA:398,0
DA:401,0
DA:405,0
DA:407,0
DA:410,0
DA:417,0
DA:418,0
DA:425,0
DA:427,0
DA:434,0
DA:435,0
DA:436,0
DA:441,0
DA:444,0
DA:455,0
DA:460,0
DA:465,0
DA:475,1
LF:120
LH:6
BRDA:64,0,0,0
BRDA:64,0,1,0
BRDA:171,1,0,0
BRDA:171,1,1,0
BRDA:203,2,0,0
BRDA:203,2,1,0
BRDA:246,3,0,0
BRDA:246,3,1,0
BRDA:314,4,0,0
BRDA:314,4,1,0
BRDA:338,5,0,0
BRDA:338,5,1,0
BRDA:356,6,0,0
BRDA:356,6,1,0
BRDA:387,7,0,0
BRDA:387,7,1,0
BRDA:387,8,0,0
BRDA:387,8,1,0
BRDA:392,9,0,0
BRDA:392,9,1,0
BRDA:397,10,0,0
BRDA:397,10,1,0
BRF:22
BRH:0
end_of_record
TN:
SF:controllers\userController.js
FN:12,(anonymous_0)
FN:34,(anonymous_1)
FN:67,(anonymous_2)
FN:70,(anonymous_3)
FN:160,(anonymous_4)
FN:177,(anonymous_5)
FN:214,(anonymous_6)
FN:247,(anonymous_7)
FN:264,(anonymous_8)
FN:282,(anonymous_9)
FNF:10
FNH:7
FNDA:7,(anonymous_0)
FNDA:3,(anonymous_1)
FNDA:4,(anonymous_2)
FNDA:4,(anonymous_3)
FNDA:2,(anonymous_4)
FNDA:0,(anonymous_5)
FNDA:2,(anonymous_6)
FNDA:1,(anonymous_7)
FNDA:0,(anonymous_8)
FNDA:0,(anonymous_9)
DA:1,1
DA:2,1
DA:3,1
DA:4,1
DA:5,1
DA:6,1
DA:7,1
DA:8,1
DA:13,7
DA:15,7
DA:16,7
DA:28,1
DA:30,6
DA:35,3
DA:36,3
DA:38,3
DA:39,0
DA:41,3
DA:43,3
DA:44,1
DA:47,2
DA:50,2
DA:51,1
DA:54,1
DA:58,1
DA:60,1
DA:63,2
DA:68,4
DA:69,4
DA:70,4
DA:71,4
DA:72,4
DA:73,4
DA:75,4
DA:78,4
DA:79,4
DA:80,4
DA:81,4
DA:83,4
DA:84,4
DA:86,4
DA:98,4
DA:100,1
DA:107,4
DA:109,1
DA:122,4
DA:123,1
DA:124,1
DA:125,1
DA:127,4
DA:128,1
DA:129,1
DA:135,3
DA:136,3
DA:142,4
DA:144,4
DA:145,4
DA:147,4
DA:148,0
DA:153,4
DA:155,0
DA:156,0
DA:161,2
DA:162,2
DA:164,2
DA:165,1
DA:168,1
DA:171,1
DA:179,0
DA:180,0
DA:181,0
DA:186,0
DA:189,0
DA:200,0
DA:205,0
DA:210,0
DA:215,2
DA:216,2
DA:217,2
DA:218,2
DA:219,2
DA:220,1
DA:222,1
DA:230,1
DA:231,1
DA:232,0
DA:235,1
DA:239,1
DA:243,1
DA:248,1
DA:249,1
DA:250,1
DA:256,1
DA:260,0
DA:265,0
DA:266,0
DA:267,0
DA:268,0
DA:270,0
DA:275,0
DA:283,0
DA:284,0
DA:298,0
DA:301,0
DA:310,1
LF:105
LH:81
BRDA:38,0,0,0
BRDA:38,0,1,3
BRDA:38,1,0,3
BRDA:38,1,1,3
BRDA:43,2,0,1
BRDA:43,2,1,2
BRDA:50,3,0,1
BRDA:50,3,1,1
BRDA:72,4,0,1
BRDA:72,4,1,3
BRDA:98,5,0,1
BRDA:98,5,1,3
BRDA:107,6,0,1
BRDA:107,6,1,3
BRDA:122,7,0,1
BRDA:122,7,1,3
BRDA:122,8,0,4
BRDA:122,8,1,4
BRDA:127,9,0,1
BRDA:127,9,1,3
BRDA:127,10,0,4
BRDA:127,10,1,4
BRDA:147,11,0,0
BRDA:147,11,1,4
BRDA:164,12,0,1
BRDA:164,12,1,1
BRDA:219,13,0,1
BRDA:219,13,1,1
BRDA:231,14,0,0
BRDA:231,14,1,1
BRDA:267,15,0,0
BRDA:267,15,1,0
BRF:32
BRH:27
end_of_record
TN:
SF:helpers\bcrypt.js
FN:3,(anonymous_0)
FN:7,(anonymous_1)
FNF:2
FNH:2
FNDA:5,(anonymous_0)
FNDA:2,(anonymous_1)
DA:1,1
DA:3,1
DA:4,5
DA:7,1
DA:8,2
DA:11,1
LF:6
LH:6
BRF:0
BRH:0
end_of_record
TN:
SF:helpers\jwt.js
FN:5,(anonymous_0)
FN:6,(anonymous_1)
FNF:2
FNH:2
FNDA:2,(anonymous_0)
FNDA:4,(anonymous_1)
DA:1,1
DA:2,1
DA:4,1
DA:5,2
DA:6,4
LF:5
LH:5
BRF:0
BRH:0
end_of_record
TN:
SF:lib\bulkInsertFoods.js
FN:6,bulkInsertFoods
FNF:1
FNH:1
FNDA:1,bulkInsertFoods
DA:1,1
DA:2,1
DA:3,1
DA:9,1
DA:16,1
DA:36,1
DA:38,1
DA:45,1
DA:61,1
DA:64,1
DA:71,1
DA:255,1
DA:257,1
DA:263,1
DA:274,1
DA:281,1
LF:16
LH:16
BRF:0
BRH:0
end_of_record
TN:
SF:middleware\authentication.js
FN:5,authentication
FNF:1
FNH:1
FNDA:5,authentication
DA:1,1
DA:2,1
DA:6,5
DA:7,5
DA:9,5
DA:10,1
DA:13,4
DA:15,3
DA:17,3
DA:18,0
DA:20,3
DA:26,3
DA:30,2
DA:35,1
LF:14
LH:13
BRDA:9,0,0,1
BRDA:9,0,1,4
BRDA:17,1,0,0
BRDA:17,1,1,3
BRF:4
BRH:3
end_of_record
TN:
SF:middleware\authorizationDelete.js
FN:4,authorizationDelete
FNF:1
FNH:0
FNDA:0,authorizationDelete
DA:1,1
DA:5,0
DA:6,0
DA:8,0
DA:9,0
DA:13,0
DA:14,0
DA:16,0
DA:17,0
DA:19,0
DA:25,0
DA:29,1
LF:12
LH:2
BRDA:8,0,0,0
BRDA:8,0,1,0
BRDA:13,1,0,0
BRDA:13,1,1,0
BRDA:16,2,0,0
BRDA:16,2,1,0
BRF:6
BRH:0
end_of_record
TN:
SF:middleware\authorizationEdit.js
FN:3,authorizationEdit
FNF:1
FNH:0
FNDA:0,authorizationEdit
DA:1,1
DA:4,0
DA:5,0
DA:7,0
DA:8,0
DA:12,0
DA:13,0
DA:15,0
DA:16,0
DA:18,0
DA:24,0
DA:28,1
LF:12
LH:2
BRDA:7,0,0,0
BRDA:7,0,1,0
BRDA:12,1,0,0
BRDA:12,1,1,0
BRDA:15,2,0,0
BRDA:15,2,1,0
BRF:6
BRH:0
end_of_record
TN:
SF:middleware\errorHandler.js
FN:1,errorHandler
FNF:1
FNH:1
FNDA:12,errorHandler
DA:3,12
DA:4,0
DA:7,12
DA:8,0
DA:11,12
DA:12,6
DA:15,6
DA:16,2
DA:19,4
DA:20,2
DA:23,2
DA:24,0
DA:27,2
DA:28,2
DA:32,0
DA:38,1
LF:16
LH:12
BRDA:3,0,0,0
BRDA:3,0,1,12
BRDA:7,1,0,0
BRDA:7,1,1,12
BRDA:11,2,0,6
BRDA:11,2,1,6
BRDA:11,3,0,12
BRDA:11,3,1,7
BRDA:15,4,0,2
BRDA:15,4,1,4
BRDA:19,5,0,2
BRDA:19,5,1,2
BRDA:19,6,0,4
BRDA:19,6,1,3
BRDA:23,7,0,0
BRDA:23,7,1,2
BRDA:27,8,0,2
BRDA:27,8,1,0
BRF:18
BRH:14
end_of_record
TN:
SF:models\bookmark.js
FN:5,(anonymous_0)
FN:12,(anonymous_1)
FNF:2
FNH:2
FNDA:1,(anonymous_0)
FNDA:1,(anonymous_1)
DA:4,1
DA:5,1
DA:14,1
DA:15,1
DA:19,1
DA:26,1
LF:6
LH:6
BRF:0
BRH:0
end_of_record
TN:
SF:models\category.js
FN:5,(anonymous_0)
FN:12,(anonymous_1)
FNF:2
FNH:2
FNDA:1,(anonymous_0)
FNDA:1,(anonymous_1)
DA:4,1
DA:5,1
DA:14,1
DA:17,1
DA:34,1
LF:5
LH:5
BRF:0
BRH:0
end_of_record
TN:
SF:models\food.js
FN:5,(anonymous_0)
FN:12,(anonymous_1)
FN:83,(anonymous_2)
FN:84,(anonymous_3)
FN:88,(anonymous_4)
FNF:5
FNH:4
FNDA:1,(anonymous_0)
FNDA:1,(anonymous_1)
FNDA:1,(anonymous_2)
FNDA:22,(anonymous_3)
FNDA:0,(anonymous_4)
DA:4,1
DA:5,1
DA:14,1
DA:15,1
DA:16,1
DA:20,1
DA:83,1
DA:84,1
DA:85,22
DA:88,1
DA:89,0
DA:93,1
LF:12
LH:11
BRF:0
BRH:0
end_of_record
TN:
SF:models\history.js
FN:5,(anonymous_0)
FN:12,(anonymous_1)
FNF:2
FNH:2
FNDA:1,(anonymous_0)
FNDA:1,(anonymous_1)
DA:4,1
DA:5,1
DA:16,1
DA:25,1
LF:4
LH:4
BRF:0
BRH:0
end_of_record
TN:
SF:models\index.js
FN:21,(anonymous_0)
FN:29,(anonymous_1)
FN:34,(anonymous_2)
FNF:3
FNH:3
FNDA:6,(anonymous_0)
FNDA:5,(anonymous_1)
FNDA:5,(anonymous_2)
DA:3,1
DA:4,1
DA:5,1
DA:6,1
DA:7,1
DA:8,1
DA:9,1
DA:10,1
DA:13,1
DA:14,0
DA:16,1
DA:19,1
DA:22,6
DA:30,5
DA:31,5
DA:34,1
DA:35,5
DA:36,5
DA:40,1
DA:41,1
DA:43,1
LF:21
LH:20
BRDA:8,0,0,1
BRDA:8,0,1,0
BRDA:13,1,0,0
BRDA:13,1,1,1
BRDA:23,2,0,6
BRDA:23,2,1,6
BRDA:23,2,2,5
BRDA:23,2,3,5
BRDA:35,3,0,5
BRDA:35,3,1,0
BRF:10
BRH:7
end_of_record
TN:
SF:models\user.js
FN:6,(anonymous_0)
FN:13,(anonymous_1)
FN:67,(anonymous_2)
FN:68,(anonymous_3)
FN:73,(anonymous_4)
FNF:5
FNH:5
FNDA:1,(anonymous_0)
FNDA:1,(anonymous_1)
FNDA:1,(anonymous_2)
FNDA:2,(anonymous_3)
FNDA:3,(anonymous_4)
DA:4,1
DA:5,1
DA:6,1
DA:14,1
DA:15,1
DA:19,1
DA:67,1
DA:68,1
DA:69,2
DA:73,1
DA:74,3
DA:82,1
LF:12
LH:12
BRF:0
BRH:0
end_of_record
TN:
SF:routes\bookmark.js
FNF:0
FNH:0
DA:1,1
DA:2,1
DA:3,1
DA:5,1
DA:6,1
DA:8,1
LF:6
LH:6
BRF:0
BRH:0
end_of_record
TN:
SF:routes\category.js
FNF:0
FNH:0
DA:1,1
DA:2,1
DA:3,1
DA:5,1
DA:6,1
DA:7,1
DA:8,1
DA:9,1
DA:11,1
LF:9
LH:9
BRF:0
BRH:0
end_of_record
TN:
SF:routes\foods.js
FNF:0
FNH:0
DA:1,1
DA:2,1
DA:3,1
DA:4,1
DA:5,1
DA:6,1
DA:10,1
DA:11,1
DA:12,1
DA:13,1
DA:14,1
DA:15,1
DA:17,1
LF:13
LH:13
BRF:0
BRH:0
end_of_record
TN:
SF:routes\history.js
FNF:0
FNH:0
DA:1,1
DA:2,1
DA:3,1
DA:5,1
DA:8,1
LF:5
LH:5
BRF:0
BRH:0
end_of_record
TN:
SF:routes\index.js
FNF:0
FNH:0
DA:1,1
DA:2,1
DA:3,1
DA:4,1
DA:5,1
DA:6,1
DA:7,1
DA:8,1
DA:9,1
DA:10,1
DA:11,1
DA:16,1
DA:17,1
DA:18,1
DA:19,1
DA:20,1
DA:21,1
DA:22,1
DA:23,1
DA:24,1
DA:27,1
LF:21
LH:21
BRF:0
BRH:0
end_of_record
TN:
SF:routes\login.js
FNF:0
FNH:0
DA:1,1
DA:2,1
DA:3,1
DA:4,1
DA:7,1
DA:8,1
DA:9,1
DA:10,1
DA:13,1
LF:9
LH:9
BRF:0
BRH:0
end_of_record
TN:
SF:routes\public.js
FNF:0
FNH:0
DA:1,1
DA:2,1
DA:3,1
DA:7,1
DA:8,1
DA:9,1
DA:10,1
DA:12,1
LF:8
LH:8
BRF:0
BRH:0
end_of_record
TN:
SF:routes\register.js
FNF:0
FNH:0
DA:1,1
DA:2,1
DA:3,1
DA:4,1
DA:7,1
DA:8,1
DA:10,1
LF:7
LH:7
BRF:0
BRH:0
end_of_record
TN:
SF:routes\user.js
FNF:0
FNH:0
DA:1,1
DA:2,1
DA:3,1
DA:6,1
DA:10,1
LF:5
LH:5
BRF:0
BRH:0
end_of_record
